[2022-04-09 01:35:11] local.DEBUG: array (
  'id' => 5,
  'name' => 'Prof. Libby Langosh I',
  'email' => 'pkemmer@gmail.com',
  'email_verified_at' => NULL,
  'subscribed' => 0,
  'active' => 1,
  'created_at' => '2019-05-23T01:41:27.000000Z',
  'updated_at' => '2018-04-27T16:30:33.000000Z',
)  
[2022-04-09 01:36:16] local.DEBUG: array (
  'id' => 8,
  'name' => 'Gideon Carroll DVM',
  'email' => 'anahi.jones@gmail.com',
  'email_verified_at' => NULL,
  'subscribed' => 0,
  'active' => 1,
  'created_at' => '2021-02-01T06:03:35.000000Z',
  'updated_at' => '2018-08-16T14:10:00.000000Z',
)  
[2022-04-09 01:37:07] local.DEBUG: 2022-04-09 01:37:07  
[2022-04-09 01:37:07] local.DEBUG: 2022-04-09 01:47:07  
